# JRE version: OpenJDK Runtime Environment (8.0_242-b01) (build 1.8.0_242-release-1644-b01)
# Java VM: OpenJDK 64-Bit Server VM (25.242-b01 mixed mode windows-amd64 compressed oops)
Heap:
 PSYoungGen      total 250368K, used 225164K [0x00000000e0000000, 0x00000000f0580000, 0x0000000100000000)
  eden space 244224K, 89% used [0x00000000e0000000,0x00000000ed644368,0x00000000eee80000)
  from space 6144K, 93% used [0x00000000eff80000,0x00000000f051ee18,0x00000000f0580000)
  to   space 11264K, 0% used [0x00000000eef80000,0x00000000eef80000,0x00000000efa80000)
 ParOldGen       total 44032K, used 15322K [0x00000000a0000000, 0x00000000a2b00000, 0x00000000e0000000)
  object space 44032K, 34% used [0x00000000a0000000,0x00000000a0ef68a8,0x00000000a2b00000)
 Metaspace       used 41822K, capacity 43669K, committed 44032K, reserved 1087488K
  class space    used 5616K, capacity 6036K, committed 6144K, reserved 1048576K
GC Heap History (10 events):
Event: 10.789 GC heap before
{Heap before GC invocations=12 (full 2):
 PSYoungGen      total 190976K, used 5944K [0x00000000e0000000, 0x00000000ed980000, 0x0000000100000000)
  eden space 178176K, 0% used [0x00000000e0000000,0x00000000e0000000,0x00000000eae00000)
  from space 12800K, 46% used [0x00000000eb980000,0x00000000ebf4e0b0,0x00000000ec600000)
  to   space 11776K, 0% used [0x00000000eae00000,0x00000000eae00000,0x00000000eb980000)
 ParOldGen       total 34304K, used 13443K [0x00000000a0000000, 0x00000000a2180000, 0x00000000e0000000)
  object space 34304K, 39% used [0x00000000a0000000,0x00000000a0d20ec0,0x00000000a2180000)
 Metaspace       used 34225K, capacity 35299K, committed 35456K, reserved 1079296K
  class space    used 4599K, capacity 4885K, committed 4992K, reserved 1048576K
Event: 10.910 GC heap after
Heap after GC invocations=12 (full 2):
 PSYoungGen      total 190976K, used 0K [0x00000000e0000000, 0x00000000ed980000, 0x0000000100000000)
  eden space 178176K, 0% used [0x00000000e0000000,0x00000000e0000000,0x00000000eae00000)
  from space 12800K, 0% used [0x00000000eb980000,0x00000000eb980000,0x00000000ec600000)
  to   space 11776K, 0% used [0x00000000eae00000,0x00000000eae00000,0x00000000eb980000)
 ParOldGen       total 44032K, used 13023K [0x00000000a0000000, 0x00000000a2b00000, 0x00000000e0000000)
  object space 44032K, 29% used [0x00000000a0000000,0x00000000a0cb7d20,0x00000000a2b00000)
 Metaspace       used 34213K, capacity 35287K, committed 35456K, reserved 1079296K
  class space    used 4595K, capacity 4881K, committed 4992K, reserved 1048576K
}
Event: 13.006 GC heap before
{Heap before GC invocations=13 (full 2):
 PSYoungGen      total 190976K, used 178176K [0x00000000e0000000, 0x00000000ed980000, 0x0000000100000000)
  eden space 178176K, 100% used [0x00000000e0000000,0x00000000eae00000,0x00000000eae00000)
  from space 12800K, 0% used [0x00000000eb980000,0x00000000eb980000,0x00000000ec600000)
  to   space 11776K, 0% used [0x00000000eae00000,0x00000000eae00000,0x00000000eb980000)
 ParOldGen       total 44032K, used 13023K [0x00000000a0000000, 0x00000000a2b00000, 0x00000000e0000000)
  object space 44032K, 29% used [0x00000000a0000000,0x00000000a0cb7d20,0x00000000a2b00000)
 Metaspace       used 35983K, capacity 37231K, committed 37504K, reserved 1081344K
  class space    used 4876K, capacity 5173K, committed 5248K, reserved 1048576K
Event: 13.014 GC heap after
Heap after GC invocations=13 (full 2):
 PSYoungGen      total 189952K, used 6691K [0x00000000e0000000, 0x00000000ed980000, 0x0000000100000000)
  eden space 178176K, 0% used [0x00000000e0000000,0x00000000e0000000,0x00000000eae00000)
  from space 11776K, 56% used [0x00000000eae00000,0x00000000eb488de0,0x00000000eb980000)
  to   space 12800K, 0% used [0x00000000eb980000,0x00000000eb980000,0x00000000ec600000)
 ParOldGen       total 44032K, used 13031K [0x00000000a0000000, 0x00000000a2b00000, 0x00000000e0000000)
  object space 44032K, 29% used [0x00000000a0000000,0x00000000a0cb9d20,0x00000000a2b00000)
 Metaspace       used 35983K, capacity 37231K, committed 37504K, reserved 1081344K
  class space    used 4876K, capacity 5173K, committed 5248K, reserved 1048576K
}
Event: 17.264 GC heap before
{Heap before GC invocations=14 (full 2):
 PSYoungGen      total 189952K, used 184867K [0x00000000e0000000, 0x00000000ed980000, 0x0000000100000000)
  eden space 178176K, 100% used [0x00000000e0000000,0x00000000eae00000,0x00000000eae00000)
  from space 11776K, 56% used [0x00000000eae00000,0x00000000eb488de0,0x00000000eb980000)
  to   space 12800K, 0% used [0x00000000eb980000,0x00000000eb980000,0x00000000ec600000)
 ParOldGen       total 44032K, used 13031K [0x00000000a0000000, 0x00000000a2b00000, 0x00000000e0000000)
  object space 44032K, 29% used [0x00000000a0000000,0x00000000a0cb9d20,0x00000000a2b00000)
 Metaspace       used 36593K, capacity 37865K, committed 38016K, reserved 1081344K
  class space    used 4934K, capacity 5227K, committed 5248K, reserved 1048576K
Event: 17.269 GC heap after
Heap after GC invocations=14 (full 2):
 PSYoungGen      total 190976K, used 3224K [0x00000000e0000000, 0x00000000f1080000, 0x0000000100000000)
  eden space 178176K, 0% used [0x00000000e0000000,0x00000000e0000000,0x00000000eae00000)
  from space 12800K, 25% used [0x00000000eb980000,0x00000000ebca6038,0x00000000ec600000)
  to   space 11776K, 0% used [0x00000000eae00000,0x00000000eae00000,0x00000000eb980000)
 ParOldGen       total 44032K, used 13707K [0x00000000a0000000, 0x00000000a2b00000, 0x00000000e0000000)
  object space 44032K, 31% used [0x00000000a0000000,0x00000000a0d62d70,0x00000000a2b00000)
 Metaspace       used 36593K, capacity 37865K, committed 38016K, reserved 1081344K
  class space    used 4934K, capacity 5227K, committed 5248K, reserved 1048576K
}
Event: 18.597 GC heap before
{Heap before GC invocations=15 (full 2):
 PSYoungGen      total 190976K, used 181400K [0x00000000e0000000, 0x00000000f1080000, 0x0000000100000000)
  eden space 178176K, 100% used [0x00000000e0000000,0x00000000eae00000,0x00000000eae00000)
  from space 12800K, 25% used [0x00000000eb980000,0x00000000ebca6038,0x00000000ec600000)
  to   space 11776K, 0% used [0x00000000eae00000,0x00000000eae00000,0x00000000eb980000)
 ParOldGen       total 44032K, used 13707K [0x00000000a0000000, 0x00000000a2b00000, 0x00000000e0000000)
  object space 44032K, 31% used [0x00000000a0000000,0x00000000a0d62d70,0x00000000a2b00000)
 Metaspace       used 36602K, capacity 37865K, committed 38016K, reserved 1081344K
  class space    used 4934K, capacity 5227K, committed 5248K, reserved 1048576K
Event: 18.602 GC heap after
Heap after GC invocations=15 (full 2):
 PSYoungGen      total 189952K, used 832K [0x00000000e0000000, 0x00000000f0b00000, 0x0000000100000000)
  eden space 178176K, 0% used [0x00000000e0000000,0x00000000e0000000,0x00000000eae00000)
  from space 11776K, 7% used [0x00000000eae00000,0x00000000eaed0000,0x00000000eb980000)
  to   space 11776K, 0% used [0x00000000eff80000,0x00000000eff80000,0x00000000f0b00000)
 ParOldGen       total 44032K, used 14578K [0x00000000a0000000, 0x00000000a2b00000, 0x00000000e0000000)
  object space 44032K, 33% used [0x00000000a0000000,0x00000000a0e3c8a8,0x00000000a2b00000)
 Metaspace       used 36602K, capacity 37865K, committed 38016K, reserved 1081344K
  class space    used 4934K, capacity 5227K, committed 5248K, reserved 1048576K
}
Event: 19.957 GC heap before
{Heap before GC invocations=16 (full 2):
 PSYoungGen      total 189952K, used 179008K [0x00000000e0000000, 0x00000000f0b00000, 0x0000000100000000)
  eden space 178176K, 100% used [0x00000000e0000000,0x00000000eae00000,0x00000000eae00000)
  from space 11776K, 7% used [0x00000000eae00000,0x00000000eaed0000,0x00000000eb980000)
  to   space 11776K, 0% used [0x00000000eff80000,0x00000000eff80000,0x00000000f0b00000)
 ParOldGen       total 44032K, used 14578K [0x00000000a0000000, 0x00000000a2b00000, 0x00000000e0000000)
  object space 44032K, 33% used [0x00000000a0000000,0x00000000a0e3c8a8,0x00000000a2b00000)
 Metaspace       used 36606K, capacity 37865K, committed 38016K, reserved 1081344K
  class space    used 4934K, capacity 5227K, committed 5248K, reserved 1048576K
Event: 19.965 GC heap after
Heap after GC invocations=16 (full 2):
 PSYoungGen      total 250368K, used 5755K [0x00000000e0000000, 0x00000000f0580000, 0x0000000100000000)
  eden space 244224K, 0% used [0x00000000e0000000,0x00000000e0000000,0x00000000eee80000)
  from space 6144K, 93% used [0x00000000eff80000,0x00000000f051ee18,0x00000000f0580000)
  to   space 11264K, 0% used [0x00000000eef80000,0x00000000eef80000,0x00000000efa80000)
 ParOldGen       total 44032K, used 15322K [0x00000000a0000000, 0x00000000a2b00000, 0x00000000e0000000)
  object space 44032K, 34% used [0x00000000a0000000,0x00000000a0ef68a8,0x00000000a2b00000)
 Metaspace       used 36606K, capacity 37865K, committed 38016K, reserved 1081344K
  class space    used 4934K, capacity 5227K, committed 5248K, reserved 1048576K
}

